<?xml version="1.0" encoding="UTF-8"?>
<testng-results ignored="0" total="1" passed="1" failed="0" skipped="0">
  <reporter-output>
  </reporter-output>
  <suite started-at="2021-10-27T11:05:09 EDT" name="Default suite" finished-at="2021-10-27T11:05:22 EDT" duration-ms="12952">
    <groups>
    </groups>
    <test started-at="2021-10-27T11:05:09 EDT" name="Default test" finished-at="2021-10-27T11:05:22 EDT" duration-ms="12952">
      <class name="gov.abc.regressionTest.myFirstTest">
        <test-method is-config="true" signature="setUp()[pri:0, instance:gov.abc.regressionTest.myFirstTest@56cdfb3b]" started-at="2021-10-27T11:05:09 EDT" name="setUp" finished-at="2021-10-27T11:05:11 EDT" duration-ms="2041" status="PASS">
          <reporter-output>
          </reporter-output>
        </test-method> <!-- setUp -->
        <test-method signature="myTest()[pri:0, instance:gov.abc.regressionTest.myFirstTest@56cdfb3b]" started-at="2021-10-27T11:05:11 EDT" name="myTest" finished-at="2021-10-27T11:05:21 EDT" duration-ms="10211" status="PASS">
          <reporter-output>
          </reporter-output>
        </test-method> <!-- myTest -->
        <test-method is-config="true" signature="closeBrowser()[pri:0, instance:gov.abc.regressionTest.myFirstTest@56cdfb3b]" started-at="2021-10-27T11:05:21 EDT" name="closeBrowser" finished-at="2021-10-27T11:05:22 EDT" duration-ms="661" status="PASS">
          <reporter-output>
          </reporter-output>
        </test-method> <!-- closeBrowser -->
      </class> <!-- gov.abc.regressionTest.myFirstTest -->
    </test> <!-- Default test -->
  </suite> <!-- Default suite -->
</testng-results>
